build/intermediates/manifest_merge_blame_file/debug/manifest-merger-blame-debug-report.txt
1<?xml version="1.0" encoding="utf-8"?>
2<manifest xmlns:android="http://schemas.android.com/apk/res/android"
3    package="com.example.cprog"
4    android:versionCode="1"
5    android:versionName="1.0" >
6
7    <uses-sdk
8        android:minSdkVersion="21"
8-->src/main/AndroidManifest.xml
9        android:targetSdkVersion="29" />
9-->src/main/AndroidManifest.xml
10
11    <application
11-->src/main/AndroidManifest.xml:5:5-48:19
12        android:allowBackup="true"
12-->src/main/AndroidManifest.xml:6:9-35
13        android:appComponentFactory="androidx.core.app.CoreComponentFactory"
13-->[androidx.core:core:1.1.0] AndroidManifest.xml:24:18-86
14        android:debuggable="true"
15        android:icon="@drawable/bc"
15-->src/main/AndroidManifest.xml:7:9-36
16        android:label="@string/app_name"
16-->src/main/AndroidManifest.xml:8:9-41
17        android:roundIcon="@drawable/bc"
17-->src/main/AndroidManifest.xml:9:9-41
18        android:supportsRtl="true"
18-->src/main/AndroidManifest.xml:10:9-35
19        android:theme="@style/AppTheme" >
19-->src/main/AndroidManifest.xml:11:9-40
20        <activity
20-->src/main/AndroidManifest.xml:12:9-156
21            android:name="com.example.cprog.Change"
21-->src/main/AndroidManifest.xml:12:19-41
22            android:label="Change Song"
22-->src/main/AndroidManifest.xml:12:74-101
23            android:parentActivityName="com.example.cprog.MainActivity"
23-->src/main/AndroidManifest.xml:12:102-144
24            android:theme="@style/AppTheme" />
24-->src/main/AndroidManifest.xml:12:42-73
25        <activity
25-->src/main/AndroidManifest.xml:13:9-21:20
26            android:name="com.example.cprog.Splash"
26-->src/main/AndroidManifest.xml:14:13-35
27            android:theme="@style/Theme.MaterialComponents.DayNight.NoActionBar" >
27-->src/main/AndroidManifest.xml:15:13-81
28            <intent-filter>
28-->src/main/AndroidManifest.xml:16:13-20:29
29                <action android:name="android.intent.action.MAIN" />
29-->src/main/AndroidManifest.xml:17:17-69
29-->src/main/AndroidManifest.xml:17:25-66
30
31                <category android:name="android.intent.category.LAUNCHER" />
31-->src/main/AndroidManifest.xml:19:17-77
31-->src/main/AndroidManifest.xml:19:27-74
32            </intent-filter>
33        </activity>
34        <activity
34-->src/main/AndroidManifest.xml:22:9-28:47
35            android:name="com.example.cprog.Song"
35-->src/main/AndroidManifest.xml:23:13-33
36            android:configChanges="uiMode"
36-->src/main/AndroidManifest.xml:24:13-43
37            android:label="Song"
37-->src/main/AndroidManifest.xml:25:13-33
38            android:parentActivityName="com.example.cprog.Show"
38-->src/main/AndroidManifest.xml:26:13-47
39            android:screenOrientation="portrait"
39-->src/main/AndroidManifest.xml:27:13-49
40            android:theme="@style/AppTheme" />
40-->src/main/AndroidManifest.xml:28:13-44
41        <activity
41-->src/main/AndroidManifest.xml:29:9-35:47
42            android:name="com.example.cprog.Show"
42-->src/main/AndroidManifest.xml:30:13-33
43            android:configChanges="uiMode"
43-->src/main/AndroidManifest.xml:31:13-43
44            android:label="Songs Lists"
44-->src/main/AndroidManifest.xml:32:13-40
45            android:parentActivityName="com.example.cprog.MainActivity"
45-->src/main/AndroidManifest.xml:33:13-55
46            android:screenOrientation="portrait"
46-->src/main/AndroidManifest.xml:34:13-49
47            android:theme="@style/AppTheme" />
47-->src/main/AndroidManifest.xml:35:13-44
48        <activity
48-->src/main/AndroidManifest.xml:36:9-41:47
49            android:name="com.example.cprog.Add"
49-->src/main/AndroidManifest.xml:37:13-32
50            android:label="Add Songs"
50-->src/main/AndroidManifest.xml:38:13-38
51            android:parentActivityName="com.example.cprog.MainActivity"
51-->src/main/AndroidManifest.xml:39:13-55
52            android:screenOrientation="portrait"
52-->src/main/AndroidManifest.xml:40:13-49
53            android:theme="@style/AppTheme" />
53-->src/main/AndroidManifest.xml:41:13-44
54        <activity
54-->src/main/AndroidManifest.xml:42:9-47:56
55            android:name="com.example.cprog.MainActivity"
55-->src/main/AndroidManifest.xml:43:13-41
56            android:configChanges="uiMode"
56-->src/main/AndroidManifest.xml:44:13-43
57            android:label="Chord Prog"
57-->src/main/AndroidManifest.xml:45:13-39
58            android:screenOrientation="portrait"
58-->src/main/AndroidManifest.xml:46:13-49
59            android:theme="@style/AppTheme" />
59-->src/main/AndroidManifest.xml:47:13-44
60    </application>
61
62</manifest>